[2025-10-16 15:56:14] Usuari: admin - Acció: Usuari registrat
[2025-10-16 15:56:25] Usuari: admin - Acció: Login exitós
[2025-10-16 16:00:37] Usuari: admin - Acció: Login exitós
[2025-10-16 16:01:13] Usuari: admin - Acció: Llibre afegit - Atomic Habits
[2025-10-16 16:01:17] Usuari: admin - Acció: Llista de llibres - Veure tots
[2025-10-16 16:02:12] Usuari: admin - Acció: Cerca de llibre - 1234567890123
[2025-10-16 16:04:21] Usuari: admin - Acció: Sessió tancada
[2025-10-16 16:04:37] Usuari: student1 - Acció: Usuari registrat
[2025-10-16 16:04:43] Usuari: student1 - Acció: Login exitós
[2025-10-16 16:04:54] Usuari: student1 - Acció: Sessió tancada
[2025-10-16 16:11:54] Usuari: admin - Acció: Login exitós
[2025-10-16 17:04:28] Usuari: student1 - Acció: Login exitós
[2025-10-16 17:04:50] Usuari: student1 - Acció: Cerca de llibre - 1234567890123
[2025-10-16 17:05:02] Usuari: student1 - Acció: Sessió tancada
[2025-10-16 17:05:10] Usuari: admin - Acció: Login exitós
[2025-10-26 10:12:14] Usuari: robin - Acció: Usuari registrat
[2025-10-26 10:12:23] Usuari: robin - Acció: Login exitós
[2025-10-26 10:12:47] Usuari: robin - Acció: Llibre afegit - robin
[2025-10-26 10:13:15] Usuari: robin - Acció: Llibre afegit - good vibes
[2025-10-26 10:13:19] Usuari: robin - Acció: Llista de llibres - Veure tots
